{
"contracts\\WalletCounter.sol":{"l":{"32":4,"46":3,"47":3,"48":3,"59":3,"60":3,"61":2,"62":1,"63":1,"65":2,"66":2},"path":"D:\\Bhupesh\\Blockchain Learning\\Wallet Counter\\wallet-counter-contract\\contracts\\WalletCounter.sol","s":{"1":4,"2":3,"3":3,"4":3,"5":3,"6":2,"7":2},"b":{"1":[3,0],"2":[2,1],"3":[1,1]},"f":{"1":4,"2":3,"3":3},"fnMap":{"1":{"name":"getTotalValueAndWalletCounts","line":28,"loc":{"start":{"line":28,"column":4},"end":{"line":33,"column":4}}},"2":{"name":"isWalletAddressValid","line":41,"loc":{"start":{"line":41,"column":4},"end":{"line":49,"column":4}}},"3":{"name":"enterNumber","line":56,"loc":{"start":{"line":56,"column":4},"end":{"line":67,"column":4}}}},"statementMap":{"1":{"start":{"line":32,"column":8},"end":{"line":32,"column":45}},"2":{"start":{"line":46,"column":8},"end":{"line":46,"column":21}},"3":{"start":{"line":48,"column":8},"end":{"line":48,"column":28}},"4":{"start":{"line":59,"column":8},"end":{"line":59,"column":88}},"5":{"start":{"line":60,"column":8},"end":{"line":60,"column":70}},"6":{"start":{"line":61,"column":8},"end":{"line":61,"column":1806}},"7":{"start":{"line":66,"column":8},"end":{"line":66,"column":54}}},"branchMap":{"1":{"line":59,"type":"if","locations":[{"start":{"line":59,"column":8},"end":{"line":59,"column":8}},{"start":{"line":59,"column":8},"end":{"line":59,"column":8}}]},"2":{"line":60,"type":"if","locations":[{"start":{"line":60,"column":8},"end":{"line":60,"column":8}},{"start":{"line":60,"column":8},"end":{"line":60,"column":8}}]},"3":{"line":61,"type":"if","locations":[{"start":{"line":61,"column":8},"end":{"line":61,"column":8}},{"start":{"line":61,"column":8},"end":{"line":61,"column":8}}]}}}}
